<?xml version="1.0" encoding="UTF-8"?>
<!-- Generated by org.testng.reporters.JUnitReportReporter -->
<testsuite hostname="SamaLaptop23" failures="0" tests="4" name="infynicucumberautomation.runners.Runner" time="20.858" errors="0" timestamp="2023-10-20T07:23:40 EDT" skipped="0">
  <testcase classname="infynicucumberautomation.runners.Runner" name="runScenario" time="4.424"/>
  <testcase classname="infynicucumberautomation.runners.Runner" name="runScenario" time="4.738"/>
  <testcase classname="infynicucumberautomation.runners.Runner" name="runScenario" time="4.462"/>
  <testcase classname="infynicucumberautomation.runners.Runner" name="runScenario" time="7.234"/>
</testsuite> <!-- infynicucumberautomation.runners.Runner -->
