<?xml version="1.0" encoding="UTF-8"?>
<!-- Generated by org.testng.reporters.JUnitReportReporter -->
<testsuite hostname="SamaLaptop23" failures="0" tests="4" name="infynicucumberautomation.runners.Runner" time="41.128" errors="0" timestamp="2023-10-22T14:16:20 EDT" skipped="0">
  <testcase classname="infynicucumberautomation.runners.Runner" name="runScenario" time="5.368"/>
  <testcase classname="infynicucumberautomation.runners.Runner" name="runScenario" time="5.952"/>
  <testcase classname="infynicucumberautomation.runners.Runner" name="runScenario" time="14.582"/>
  <testcase classname="infynicucumberautomation.runners.Runner" name="runScenario" time="15.226"/>
</testsuite> <!-- infynicucumberautomation.runners.Runner -->
