<?xml version="1.0" encoding="UTF-8"?>
<!-- Generated by org.testng.reporters.JUnitReportReporter -->
<testsuite hostname="SamaLaptop23" failures="0" tests="4" name="infynicucumberautomation.runners.Runner" time="37.904" errors="0" timestamp="2023-10-22T13:10:18 EDT" skipped="0">
  <testcase classname="infynicucumberautomation.runners.Runner" name="runScenario" time="11.099"/>
  <testcase classname="infynicucumberautomation.runners.Runner" name="runScenario" time="15.879"/>
  <testcase classname="infynicucumberautomation.runners.Runner" name="runScenario" time="5.206"/>
  <testcase classname="infynicucumberautomation.runners.Runner" name="runScenario" time="5.720"/>
</testsuite> <!-- infynicucumberautomation.runners.Runner -->
